#
# A fatal error has been detected by the Java Runtime Environment:
#
#  Internal Error (javaClasses.cpp:136), pid=6304, tid=7152
#  fatal error: Invalid layout of preloaded class
#
# JRE version:  (7.0_71-b14) (build )
# Java VM: Java HotSpot(TM) 64-Bit Server VM (24.71-b01 mixed mode windows-amd64 compressed oops)
# Failed to write core dump. Minidumps are not enabled by default on client versions of Windows
#
# If you would like to submit a bug report, please visit:
#   http://bugreport.sun.com/bugreport/crash.jsp
#

---------------  T H R E A D  ---------------

Current thread (0x00000000023cf000):  JavaThread "Unknown thread" [_thread_in_vm, id=7152, stack(0x0000000002730000,0x0000000002830000)]

Stack: [0x0000000002730000,0x0000000002830000]
[error occurred during error reporting (printing stack bounds), id 0xc0000005]


---------------  P R O C E S S  ---------------

Java Threads: ( => current thread )

Other Threads:

=>0x00000000023cf000 (exited) JavaThread "Unknown thread" [_thread_in_vm, id=7152, stack(0x0000000002730000,0x0000000002830000)]

VM state:not at safepoint (not fully initialized)

VM Mutex/Monitor currently owned by a thread: None

GC Heap History (0 events):
No events

Deoptimization events (0 events):
No events

Internal exceptions (0 events):
No events

Events (10 events):
Event: 0.401 loading class 0x000000000244ce60 done
Event: 0.401 loading class 0x000000000244c880 done
Event: 0.401 loading class 0x000000000244c860
Event: 0.401 loading class 0x00000000024549f0
Event: 0.402 loading class 0x00000000024549f0 done
Event: 0.402 loading class 0x0000000002454a20
Event: 0.402 loading class 0x0000000002454a20 done
Event: 0.402 loading class 0x0000000002454a50
Event: 0.402 loading class 0x0000000002454a50 done
Event: 0.402 loading class 0x000000000244c860 done


Dynamic libraries:
0x000000013f5e0000 - 0x000000013f613000 	D:\Program Files\Java\jdk1.7.0_71\bin\javaw.exe
0x0000000077110000 - 0x00000000772b9000 	C:\Windows\SYSTEM32\ntdll.dll
0x0000000076ef0000 - 0x000000007700f000 	C:\Windows\system32\kernel32.dll
0x000007fefd190000 - 0x000007fefd1fb000 	C:\Windows\system32\KERNELBASE.dll
0x000007fefd6c0000 - 0x000007fefd79b000 	C:\Windows\system32\ADVAPI32.dll
0x000007fefed10000 - 0x000007fefedaf000 	C:\Windows\system32\msvcrt.dll
0x000007fefdaf0000 - 0x000007fefdb0f000 	C:\Windows\SYSTEM32\sechost.dll
0x000007fefee20000 - 0x000007fefef4d000 	C:\Windows\system32\RPCRT4.dll
0x0000000077010000 - 0x000000007710a000 	C:\Windows\system32\USER32.dll
0x000007fefedb0000 - 0x000007fefee17000 	C:\Windows\system32\GDI32.dll
0x000007fefed00000 - 0x000007fefed0e000 	C:\Windows\system32\LPK.dll
0x000007fefeb90000 - 0x000007fefec59000 	C:\Windows\system32\USP10.dll
0x000007fefb3f0000 - 0x000007fefb5e4000 	C:\Windows\WinSxS\amd64_microsoft.windows.common-controls_6595b64144ccf1df_6.0.7601.17514_none_fa396087175ac9ac\COMCTL32.dll
0x000007feff190000 - 0x000007feff201000 	C:\Windows\system32\SHLWAPI.dll
0x000007feff160000 - 0x000007feff18e000 	C:\Windows\system32\IMM32.DLL
0x000007fefd980000 - 0x000007fefda89000 	C:\Windows\system32\MSCTF.dll
0x000000006b5b0000 - 0x000000006b682000 	D:\Program Files\Java\jdk1.7.0_71\jre\bin\msvcr100.dll
0x000000006a870000 - 0x000000006b043000 	D:\Program Files\Java\jdk1.7.0_71\jre\bin\server\jvm.dll
0x000007fef30c0000 - 0x000007fef30c9000 	C:\Windows\system32\WSOCK32.dll
0x000007fefdb10000 - 0x000007fefdb5d000 	C:\Windows\system32\WS2_32.dll
0x000007fefd450000 - 0x000007fefd458000 	C:\Windows\system32\NSI.dll
0x000007fefafe0000 - 0x000007fefb01b000 	C:\Windows\system32\WINMM.dll
0x00000000772d0000 - 0x00000000772d7000 	C:\Windows\system32\PSAPI.DLL
0x0000000072230000 - 0x000000007223f000 	D:\Program Files\Java\jdk1.7.0_71\jre\bin\verify.dll
0x0000000072200000 - 0x0000000072228000 	D:\Program Files\Java\jdk1.7.0_71\jre\bin\java.dll
0x00000000721e0000 - 0x00000000721f5000 	D:\Program Files\Java\jdk1.7.0_71\jre\bin\zip.dll

VM Arguments:
jvm_args: -Dfile.encoding=GBK -Xbootclasspath:D:\Program Files\sdk\platforms\android-22\android.jar 
java_command: org.eclipse.jdt.internal.junit.runner.RemoteTestRunner -version 3 -port 50187 -testLoaderClass org.eclipse.jdt.internal.junit.runner.junit3.JUnit3TestLoader -loaderpluginname org.eclipse.jdt.junit.runtime -test com.demo.javaforandroid.TestCase:testInstance
Launcher Type: SUN_STANDARD

Environment Variables:
JAVA_HOME=D:\Program Files\Java\jdk1.7.0_71
CLASSPATH=.;D:\Program Files\Java\jdk1.7.0_71\lib\dt.jar;D:\Program Files\Java\jdk1.7.0_71\lib\tools.jar
PATH=D:/Program Files/Java/jdk1.7.0_71/bin/../jre/bin/server;D:/Program Files/Java/jdk1.7.0_71/bin/../jre/bin;D:/Program Files/Java/jdk1.7.0_71/bin/../jre/lib/amd64;C:\Windows\system32;C:\Windows;C:\Windows\System32\Wbem;C:\Windows\System32\WindowsPowerShell\v1.0\;C:\Program Files (x86)\NVIDIA Corporation\PhysX\Common;D:\Program Files\TortoiseSVN\bin;D:\Program Files\Java\jdk1.7.0_71\bin;D:\Program Files\Java\jdk1.7.0_71\jre\bin;D:\Program Files\sdk\tools;.;D:\Program Files\sdk\platform-tools;D:\maven\bin;D:\Program Files\MySQL\MySQL Server 5.5\bin;C:\Program Files\MySQL\MySQL Enterprise Backup 3.12\;C:\Program Files\MySQL\MySQL Server 5.6\bin;D:\Program Files\Eclipse Bundle;
USERNAME=caoying
OS=Windows_NT
PROCESSOR_IDENTIFIER=Intel64 Family 6 Model 58 Stepping 9, GenuineIntel



---------------  S Y S T E M  ---------------

OS: Windows 7 , 64 bit Build 7601 Service Pack 1

CPU:total 4 (4 cores per cpu, 1 threads per core) family 6 model 58 stepping 9, cmov, cx8, fxsr, mmx, sse, sse2, sse3, ssse3, sse4.1, sse4.2, popcnt, avx, erms, tsc, tscinvbit, tscinv

Memory: 4k page, physical 12523584k(6417936k free), swap 25045324k(17579192k free)

vm_info: Java HotSpot(TM) 64-Bit Server VM (24.71-b01) for windows-amd64 JRE (1.7.0_71-b14), built on Sep 26 2014 16:16:12 by "java_re" with unknown MS VC++:1600

time: Tue Aug 11 08:38:32 2015
elapsed time: 0 seconds

